<testsuites name="results">
  <testsuite name="all" package="all">
    <property name="random_seed" value="1752163079" />
    <testcase name="test_ppu_pipeline_full" classname="test_top" file="/Users/lazybanana/github/snn_prosperity/tb/test_top.py" lineno="29" time="0.028584957122802734" sim_time_ns="8060.001" ratio_time="281966.5240487764">
      <failure message="Test failed with RANDOM_SEED=1752163079" />
    </testcase>
    <testcase name="test_ppu_pipeline_small" classname="test_top" file="/Users/lazybanana/github/snn_prosperity/tb/test_top.py" lineno="130" time="0.0183870792388916" sim_time_ns="5430.001" ratio_time="295316.12549505325">
      <failure message="Test failed with RANDOM_SEED=1752163079" />
    </testcase>
  </testsuite>
</testsuites>
