<testsuites name="results">
  <testsuite name="all" package="all">
    <property name="random_seed" value="1752162181" />
    <testcase name="test_ppu_pipeline_full" classname="test_top" file="/Users/lazybanana/github/snn_prosperity/tb/test_top.py" lineno="29" time="0.014623880386352539" sim_time_ns="5360.001" ratio_time="366523.8540245529">
      <failure message="Test failed with RANDOM_SEED=1752162181" />
    </testcase>
    <testcase name="test_ppu_pipeline_small" classname="test_top" file="/Users/lazybanana/github/snn_prosperity/tb/test_top.py" lineno="103" time="0.0006392002105712891" sim_time_ns="200.0010000000002" ratio_time="312892.5752719138">
      <failure message="Test failed with RANDOM_SEED=1752162181" />
    </testcase>
  </testsuite>
</testsuites>
