<testsuites name="results">
  <testsuite name="all" package="all">
    <property name="random_seed" value="1752162924" />
    <testcase name="test_ppu_pipeline_full" classname="test_top" file="/Users/lazybanana/github/snn_prosperity/tb/test_top.py" lineno="29" time="0.028338909149169922" sim_time_ns="8060.001" ratio_time="284414.6525744477">
      <failure message="Test failed with RANDOM_SEED=1752162924" />
    </testcase>
    <testcase name="test_ppu_pipeline_small" classname="test_top" file="/Users/lazybanana/github/snn_prosperity/tb/test_top.py" lineno="130" time="0.018529891967773438" sim_time_ns="5430.001" ratio_time="293040.07867092127">
      <failure message="Test failed with RANDOM_SEED=1752162924" />
    </testcase>
  </testsuite>
</testsuites>
