<testsuites name="results">
  <testsuite name="all" package="all">
    <property name="random_seed" value="1752163393" />
    <testcase name="test_ppu_pipeline_full" classname="test_top" file="/Users/lazybanana/github/snn_prosperity/tb/test_top.py" lineno="29" time="0.02914714813232422" sim_time_ns="8060.001" ratio_time="276527.94583568367">
      <failure message="Test failed with RANDOM_SEED=1752163393" />
    </testcase>
    <testcase name="test_ppu_pipeline_small" classname="test_top" file="/Users/lazybanana/github/snn_prosperity/tb/test_top.py" lineno="130" time="0.01833510398864746" sim_time_ns="5430.001" ratio_time="296153.2698893931">
      <failure message="Test failed with RANDOM_SEED=1752163393" />
    </testcase>
  </testsuite>
</testsuites>
