<testsuites name="results">
  <testsuite name="all" package="all">
    <property name="random_seed" value="1752162773" />
    <testcase name="test_ppu_pipeline_full" classname="test_top" file="/Users/lazybanana/github/snn_prosperity/tb/test_top.py" lineno="29" time="0.020122289657592773" sim_time_ns="5510.001" ratio_time="273825.74715700425">
      <failure message="Test failed with RANDOM_SEED=1752162773" />
    </testcase>
    <testcase name="test_ppu_pipeline_small" classname="test_top" file="/Users/lazybanana/github/snn_prosperity/tb/test_top.py" lineno="125" time="0.001415252685546875" sim_time_ns="360.0010000000002" ratio_time="254372.2429757414">
      <failure message="Test failed with RANDOM_SEED=1752162773" />
    </testcase>
  </testsuite>
</testsuites>
