<testsuites name="results">
  <testsuite name="all" package="all">
    <property name="random_seed" value="1752163181" />
    <testcase name="test_ppu_pipeline_full" classname="test_top" file="/Users/lazybanana/github/snn_prosperity/tb/test_top.py" lineno="29" time="0.02851414680480957" sim_time_ns="8060.001" ratio_time="282666.7427636479">
      <failure message="Test failed with RANDOM_SEED=1752163181" />
    </testcase>
    <testcase name="test_ppu_pipeline_small" classname="test_top" file="/Users/lazybanana/github/snn_prosperity/tb/test_top.py" lineno="130" time="0.018407106399536133" sim_time_ns="5430.001" ratio_time="294994.81787842757">
      <failure message="Test failed with RANDOM_SEED=1752163181" />
    </testcase>
  </testsuite>
</testsuites>
