<testsuites name="results">
  <testsuite name="all" package="all">
    <property name="random_seed" value="1752462306" />
    <testcase name="test_detector_complex_patterns" classname="test_detector" file="/Users/lazybanana/github/snn_prosperity/tb/test_detector.py" lineno="178" time="0.01069498062133789" sim_time_ns="5180.001" ratio_time="484339.44701734366">
      <failure message="Test failed with RANDOM_SEED=1752462306" />
    </testcase>
    <testcase name="detector_subset_index_test" classname="test_detector" file="/Users/lazybanana/github/snn_prosperity/tb/test_detector.py" lineno="223" time="0.02303791046142578" sim_time_ns="8380.001" ratio_time="363748.31016169226">
      <failure message="Test failed with RANDOM_SEED=1752462306" />
    </testcase>
  </testsuite>
</testsuites>
